[36mINFO[0m[Sun, 10 May 2020 17:58:50 +0300] Application Initializing                      [36mArch[0m=amd64 [36mNumber of CPUs[0m=8 [36mRuntime Version[0m=go1.12.5
[36mINFO[0m[2020-05-10T18:15:01+03:00] Application Initialize                        [36mconfig[0m="{{:8000} {false} {logs}}"
time="2020-05-10T18:18:31+03:00" level=info msg="Application Initialize" config="{{:8000} {false} {logs}}"
time="2020-05-10T18:21:06+03:00" level=info msg="Application Initialize" config="{{:8000} {false} {logs}}"
[36mINFO[0m[2020-05-10T18:21:30+03:00] Application Initialize                        [36mconfig[0m="{{:8000} {false} {logs}}"
[2020-05-10 18:30:04]  INFO Application Initialize config={Server:{Addr::8000} Redis:{UseSSD:false} Log:{LogFolder:logs}}
[INFO]:2020-05-10 18:32:40 - Application Initialize config={Server:{Addr::8000} Redis:{UseSSD:false} Log:{LogFolder:logs}}
time="2020-05-10 18:33:52" level=info msg="Application Initialize" config="{{:8000} {false} {logs}}"
[36mINFO[0m[2020-05-10 18:34:19] Application Initialize                        [36mconfig[0m="{{:8000} {false} {logs}}"
time="2020-05-10 18:35:56" level=info msg="Application Initialize" config="{{:8000} {false} {logs}}"
[36mINFO   [0m[2020-05-10 18:36:14] Application Initialize                        [36mconfig[0m="{{:8000} {false} {logs}}"
[36mINFO[0m[0000] Application Initialize                        [36mconfig[0m="{{:8000} {false} {logs}}"
[36mINFO[0m[2020-05-10 18:38:11.589218] Application Initialize                        [36mconfig[0m="{{:8000} {false} {logs}}"
[36mINFO[0m[2020-05-10 18:40:09.130789] Application Initialize                        [36mconfig[0m="{{:8000} {false} {logs}}"
[INFO]:2020-05-10 18:41:23.427255 - Application Initialize config={Server:{Addr::8000} Redis:{UseSSD:false} Log:{LogFolder:logs}}
[INFO]:2020-05-10 18:41:25.112749 - Application Initialize config={Server:{Addr::8000} Redis:{UseSSD:false} Log:{LogFolder:logs}}
[INFO]:2020-05-10 18:41:29.670569 - Application Initialize config={Server:{Addr::8000} Redis:{UseSSD:false} Log:{LogFolder:logs}}
[INFO]:2020-05-10 18:41:35.019277 - Application Initialize config={Server:{Addr::8000} Redis:{UseSSD:false} Log:{LogFolder:logs}}
[INFO]:2020-05-10 18:41:37.703105 - Application Initialize config={Server:{Addr::8000} Redis:{UseSSD:false} Log:{LogFolder:logs}}
[INFO]:2020-05-10 18:41:38.313475 - Application Initialize config={Server:{Addr::8000} Redis:{UseSSD:false} Log:{LogFolder:logs}}
[INFO]:2020-05-10 18:41:38.772248 - Application Initialize config={Server:{Addr::8000} Redis:{UseSSD:false} Log:{LogFolder:logs}}
[INFO]:2020-05-10 18:41:39.189134 - Application Initialize config={Server:{Addr::8000} Redis:{UseSSD:false} Log:{LogFolder:logs}}
[INFO]:2020-05-10 18:41:39.620980 - Application Initialize config={Server:{Addr::8000} Redis:{UseSSD:false} Log:{LogFolder:logs}}
[INFO]:2020-05-10 18:41:40.033877 - Application Initialize config={Server:{Addr::8000} Redis:{UseSSD:false} Log:{LogFolder:logs}}
[INFO]:2020-05-10 18:41:40.468714 - Application Initialize config={Server:{Addr::8000} Redis:{UseSSD:false} Log:{LogFolder:logs}}
[INFO]:2020-05-10 18:41:40.909539 - Application Initialize config={Server:{Addr::8000} Redis:{UseSSD:false} Log:{LogFolder:logs}}
[INFO]:2020-05-10 18:41:41.334438 - Application Initialize config={Server:{Addr::8000} Redis:{UseSSD:false} Log:{LogFolder:logs}}
[INFO]:2020-05-10 18:41:41.758303 - Application Initialize config={Server:{Addr::8000} Redis:{UseSSD:false} Log:{LogFolder:logs}}
[INFO]:2020-05-10 18:41:42.207069 - Application Initialize config={Server:{Addr::8000} Redis:{UseSSD:false} Log:{LogFolder:logs}}
[INFO]:2020-05-10 18:41:42.622958 - Application Initialize config={Server:{Addr::8000} Redis:{UseSSD:false} Log:{LogFolder:logs}}
[INFO]:2020-05-10 18:41:43.064779 - Application Initialize config={Server:{Addr::8000} Redis:{UseSSD:false} Log:{LogFolder:logs}}
[INFO]:2020-05-10 18:41:58.335971 - Application Initialize config={Server:{Addr::8000} Redis:{UseSSD:false} Log:{LogFolder:logs}}
[INFO]:2020-05-10 18:41:58.782810 - Application Initialize config={Server:{Addr::8000} Redis:{UseSSD:false} Log:{LogFolder:logs}}
[INFO]:2020-05-10 18:41:59.199664 - Application Initialize config={Server:{Addr::8000} Redis:{UseSSD:false} Log:{LogFolder:logs}}
[INFO]:2020-05-10 18:41:59.599628 - Application Initialize config={Server:{Addr::8000} Redis:{UseSSD:false} Log:{LogFolder:logs}}
[INFO]:2020-05-10 18:42:00.031494 - Application Initialize config={Server:{Addr::8000} Redis:{UseSSD:false} Log:{LogFolder:logs}}
[INFO]:2020-05-10 18:42:00.415415 - Application Initialize config={Server:{Addr::8000} Redis:{UseSSD:false} Log:{LogFolder:logs}}
[INFO]:2020-05-10 18:42:00.816342 - Application Initialize config={Server:{Addr::8000} Redis:{UseSSD:false} Log:{LogFolder:logs}}
[INFO]:2020-05-10 18:42:01.224252 - Application Initialize config={Server:{Addr::8000} Redis:{UseSSD:false} Log:{LogFolder:logs}}
[INFO]:2020-05-10 18:42:01.678039 - Application Initialize config={Server:{Addr::8000} Redis:{UseSSD:false} Log:{LogFolder:logs}}
[INFO]:2020-05-10 18:42:02.073981 - Application Initialize config={Server:{Addr::8000} Redis:{UseSSD:false} Log:{LogFolder:logs}}
[INFO]:2020-05-10 18:42:02.986577 - Application Initialize config={Server:{Addr::8000} Redis:{UseSSD:false} Log:{LogFolder:logs}}
[INFO]:2020-05-10 18:42:03.387471 - Application Initialize config={Server:{Addr::8000} Redis:{UseSSD:false} Log:{LogFolder:logs}}
[INFO]:2020-05-10 18:42:03.792391 - Application Initialize config={Server:{Addr::8000} Redis:{UseSSD:false} Log:{LogFolder:logs}}
[INFO]:2020-05-10 18:42:04.208277 - Application Initialize config={Server:{Addr::8000} Redis:{UseSSD:false} Log:{LogFolder:logs}}
[INFO]:2020-05-10 18:42:04.588262 - Application Initialize config={Server:{Addr::8000} Redis:{UseSSD:false} Log:{LogFolder:logs}}
[INFO]:2020-05-10 18:42:05.034071 - Application Initialize config={Server:{Addr::8000} Redis:{UseSSD:false} Log:{LogFolder:logs}}
[INFO]:2020-05-10 18:42:05.460931 - Application Initialize config={Server:{Addr::8000} Redis:{UseSSD:false} Log:{LogFolder:logs}}
[INFO]:2020-05-10 18:42:05.904745 - Application Initialize config={Server:{Addr::8000} Redis:{UseSSD:false} Log:{LogFolder:logs}}
[INFO]:2020-05-10 18:42:06.325659 - Application Initialize config={Server:{Addr::8000} Redis:{UseSSD:false} Log:{LogFolder:logs}}
[INFO]:2020-05-10 18:42:06.755471 - Application Initialize config={Server:{Addr::8000} Redis:{UseSSD:false} Log:{LogFolder:logs}}
[INFO]:2020-05-10 18:42:07.201279 - Application Initialize config={Server:{Addr::8000} Redis:{UseSSD:false} Log:{LogFolder:logs}}
[INFO]:2020-05-10 18:42:07.596226 - Application Initialize config={Server:{Addr::8000} Redis:{UseSSD:false} Log:{LogFolder:logs}}
[INFO]:2020-05-10 18:42:07.997154 - Application Initialize config={Server:{Addr::8000} Redis:{UseSSD:false} Log:{LogFolder:logs}}
[INFO]:2020-05-10 18:42:08.408055 - Application Initialize config={Server:{Addr::8000} Redis:{UseSSD:false} Log:{LogFolder:logs}}
[INFO]:2020-05-10 18:42:08.812972 - Application Initialize config={Server:{Addr::8000} Redis:{UseSSD:false} Log:{LogFolder:logs}}
[INFO]:2020-05-10 18:42:09.225905 - Application Initialize config={Server:{Addr::8000} Redis:{UseSSD:false} Log:{LogFolder:logs}}
[INFO]:2020-05-10 18:42:09.660707 - Application Initialize config={Server:{Addr::8000} Redis:{UseSSD:false} Log:{LogFolder:logs}}
[INFO]:2020-05-10 18:42:10.087605 - Application Initialize config={Server:{Addr::8000} Redis:{UseSSD:false} Log:{LogFolder:logs}}
[INFO]:2020-05-10 18:42:10.514428 - Application Initialize config={Server:{Addr::8000} Redis:{UseSSD:false} Log:{LogFolder:logs}}
[INFO]:2020-05-11 15:49:50.918310 - Application Initialize config={Server:{Addr:localhost:6379 ConnType:tcp} Redis:{UseSSD:false} Log:{LogFolder:logs}}
[INFO]:2020-05-11 15:49:50.924296 - Start listening host=localhost:6379 type=tcp
[INFO]:2020-05-11 15:52:26.117951 - Application Initialize config={Server:{Addr:localhost:6379 ConnType:tcp} Redis:{UseSSD:false} Log:{LogFolder:logs}}
[INFO]:2020-05-11 15:52:26.123935 - Start listening host=localhost:6379 type=tcp
[INFO]:2020-05-11 15:52:29.877555 - Got new request size=14
[INFO]:2020-05-11 15:52:44.417665 - Application Initialize config={Server:{Addr:localhost:6379 ConnType:tcp} Redis:{UseSSD:false} Log:{LogFolder:logs}}
[INFO]:2020-05-11 15:52:44.424647 - Start listening host=localhost:6379 type=tcp
[INFO]:2020-05-11 16:07:45.310023 - Application Initialize config={Server:{Addr:localhost:6379 ConnType:tcp} Redis:{UseSSD:false} Log:{LogFolder:logs}}
[INFO]:2020-05-11 16:07:45.316007 - Start listening host=localhost:6379 type=tcp
[INFO]:2020-05-11 16:07:49.076953 - Application Initialize config={Server:{Addr:localhost:6379 ConnType:tcp} Redis:{UseSSD:false} Log:{LogFolder:logs}}
[INFO]:2020-05-11 16:07:49.082935 - Start listening host=localhost:6379 type=tcp
[INFO]:2020-05-11 16:07:56.224861 - Application Initialize config={Server:{Addr:localhost:6379 ConnType:tcp} Redis:{UseSSD:false} Log:{LogFolder:logs}}
[INFO]:2020-05-11 16:07:56.230822 - Start listening host=localhost:6379 type=tcp
[INFO]:2020-05-11 16:08:00.974645 - Got new request size=14
[INFO]:2020-05-11 16:08:02.095685 - Got new request size=14
[INFO]:2020-05-11 16:08:03.060069 - Got new request size=14
[INFO]:2020-05-11 16:08:04.052416 - Got new request size=14
[INFO]:2020-05-11 16:08:05.024815 - Got new request size=14
[INFO]:2020-05-11 16:09:26.119958 - Application Initialize config={Server:{Addr:localhost:6379 ConnType:tcp} Redis:{UseSSD:false} Log:{LogFolder:logs}}
[INFO]:2020-05-11 16:09:26.124947 - Start listening host=localhost:6379 type=tcp
[ERROR]:2020-05-11 16:09:27.249939 - Error accepting error=accept tcp 127.0.0.1:6379: use of closed network connection
[INFO]:2020-05-11 16:09:27.249939 - Start stopping sequence
[INFO]:2020-05-11 16:30:30.256422 - Application Initialize config={Server:{Addr:localhost:6379 ConnType:tcp} Redis:{UseSSD:false} Log:{LogFolder:logs}}
[INFO]:2020-05-11 16:30:30.262371 - Start listening host=localhost:6379 type=tcp
[INFO]:2020-05-11 16:30:33.061886 - Start stopping sequence
[DEBUG]:2020-05-12 11:43:11.677785 - FUCK1
[DEBUG]:2020-05-12 11:43:11.680777 - FUCK2
[DEBUG]:2020-05-12 11:44:33.341432 - FUCK1
[DEBUG]:2020-05-12 11:44:33.342385 - FUCK2
[DEBUG]:2020-05-12 11:44:33.342385 - pingCommand
[DEBUG]:2020-05-12 11:45:20.766557 - FUCK1
[DEBUG]:2020-05-12 11:45:20.767552 - FUCK2
[DEBUG]:2020-05-12 11:45:20.767552 - PingCommand
[DEBUG]:2020-05-12 11:45:20.767552 - FUCK3
[DEBUG]:2020-05-12 11:45:20.767552 - PONG<nil>
[INFO]:2020-05-12 11:45:20.768552 - Application Initialize config={Server:{Addr:localhost:6379 ConnType:tcp} Redis:{UseSSD:false DisableOverride:false Ping:PingCommand} Log:{LogFolder:logs}}
[INFO]:2020-05-12 11:45:20.774536 - Start listening host=localhost:6379 type=tcp
[INFO]:2020-05-12 11:45:22.539814 - Start stopping sequence
[INFO]:2020-05-12 14:32:50.691045 - Application Initialize config={Server:{Addr:localhost:6379 ConnType:tcp} Redis:{UseSSD:false DisableOverride:false Ping:PingCommand Set:SetCommand Get:GetCommand} Log:{LogFolder:logs}}
[DEBUG]:2020-05-12 14:32:50.692040 - bad index, length not integer
[INFO]:2020-05-12 14:32:50.692040 - Start stopping sequence
[INFO]:2020-05-12 14:34:13.521524 - Application Initialize config={Server:{Addr:localhost:6379 ConnType:tcp} Redis:{UseSSD:false DisableOverride:false Ping:PingCommand Set:SetCommand Get:GetCommand} Log:{LogFolder:logs}}
[DEBUG]:2020-05-12 14:34:13.521524 - bad index, length not integer, length: 
[INFO]:2020-05-12 14:34:13.522521 - Start stopping sequence
[INFO]:2020-05-12 14:35:01.287778 - Application Initialize config={Server:{Addr:localhost:6379 ConnType:tcp} Redis:{UseSSD:false DisableOverride:false Ping:PingCommand Set:SetCommand Get:GetCommand} Log:{LogFolder:logs}}
[DEBUG]:2020-05-12 14:35:01.287778 - 
$4
ping

[DEBUG]:2020-05-12 14:35:01.288775 - 0
[DEBUG]:2020-05-12 14:35:01.288775 - bad index, length not integer, length: 
[INFO]:2020-05-12 14:35:01.288775 - Start stopping sequence
[INFO]:2020-05-12 14:36:21.319744 - Application Initialize config={Server:{Addr:localhost:6379 ConnType:tcp} Redis:{UseSSD:false DisableOverride:false Ping:PingCommand Set:SetCommand Get:GetCommand} Log:{LogFolder:logs}}
[DEBUG]:2020-05-12 14:36:21.320741 - 
$4
ping

[DEBUG]:2020-05-12 14:36:21.320741 - 1
[DEBUG]:2020-05-12 14:36:21.320741 - 
ping

[DEBUG]:2020-05-12 14:36:21.320741 - 1
[INFO]:2020-05-12 14:36:21.321736 - Start stopping sequence
[INFO]:2020-05-12 14:37:23.166192 - Application Initialize config={Server:{Addr:localhost:6379 ConnType:tcp} Redis:{UseSSD:false DisableOverride:false Ping:PingCommand Set:SetCommand Get:GetCommand} Log:{LogFolder:logs}}
[INFO]:2020-05-12 14:37:23.167189 - Start stopping sequence
[INFO]:2020-05-12 14:38:14.704358 - Application Initialize config={Server:{Addr:localhost:6379 ConnType:tcp} Redis:{UseSSD:false DisableOverride:false Ping:PingCommand Set:SetCommand Get:GetCommand} Log:{LogFolder:logs}}
[DEBUG]:2020-05-12 14:38:14.704358 - 0
[INFO]:2020-05-12 14:38:14.705356 - Start stopping sequence
[INFO]:2020-05-12 14:39:27.934514 - Application Initialize config={Server:{Addr:localhost:6379 ConnType:tcp} Redis:{UseSSD:false DisableOverride:false Ping:PingCommand Set:SetCommand Get:GetCommand} Log:{LogFolder:logs}}
[DEBUG]:2020-05-12 14:39:27.935510 - 1 1
[DEBUG]:2020-05-12 14:39:27.935510 - 1 4
[INFO]:2020-05-12 14:39:27.935510 - Start stopping sequence
[INFO]:2020-05-12 14:41:16.799367 - Application Initialize config={Server:{Addr:localhost:6379 ConnType:tcp} Redis:{UseSSD:false DisableOverride:false Ping:PingCommand Set:SetCommand Get:GetCommand} Log:{LogFolder:logs}}
[DEBUG]:2020-05-12 14:41:16.800364 - bad index, can't use array as value type
[INFO]:2020-05-12 14:41:16.800364 - Start stopping sequence
[INFO]:2020-05-12 14:42:04.552656 - Application Initialize config={Server:{Addr:localhost:6379 ConnType:tcp} Redis:{UseSSD:false DisableOverride:false Ping:PingCommand Set:SetCommand Get:GetCommand} Log:{LogFolder:logs}}
[DEBUG]:2020-05-12 14:42:04.552656 - *1
$4
ping

[DEBUG]:2020-05-12 14:42:04.552656 - bad index, can't use array as value type
[INFO]:2020-05-12 14:42:04.553653 - Start stopping sequence
[INFO]:2020-05-12 14:43:15.220663 - Application Initialize config={Server:{Addr:localhost:6379 ConnType:tcp} Redis:{UseSSD:false DisableOverride:false Ping:PingCommand Set:SetCommand Get:GetCommand} Log:{LogFolder:logs}}
[INFO]:2020-05-12 14:43:15.220663 - Start stopping sequence
[INFO]:2020-05-12 15:26:18.908317 - Application Initialize config={Server:{Addr:localhost:6379 ConnType:tcp} Redis:{UseSSD:false DisableOverride:false Ping:PingCommand Set:SetCommand Get:GetCommand} Log:{LogFolder:logs}}
[DEBUG]:2020-05-12 15:26:18.909314 - Fuck1
[INFO]:2020-05-12 15:26:18.909314 - Start stopping sequence
[INFO]:2020-05-12 15:27:03.948376 - Application Initialize config={Server:{Addr:localhost:6379 ConnType:tcp} Redis:{UseSSD:false DisableOverride:false Ping:PingCommand Set:SetCommand Get:GetCommand} Log:{LogFolder:logs}}
[DEBUG]:2020-05-12 15:27:03.949373 - 1
[INFO]:2020-05-12 15:27:03.949373 - Start stopping sequence
[INFO]:2020-05-12 15:27:36.575119 - Application Initialize config={Server:{Addr:localhost:6379 ConnType:tcp} Redis:{UseSSD:false DisableOverride:false Ping:PingCommand Set:SetCommand Get:GetCommand} Log:{LogFolder:logs}}
[DEBUG]:2020-05-12 15:27:36.576116 - <nil>
[INFO]:2020-05-12 15:27:36.576116 - Start stopping sequence
[INFO]:2020-05-12 15:29:07.927311 - Application Initialize config={Server:{Addr:localhost:6379 ConnType:tcp} Redis:{UseSSD:false DisableOverride:false Ping:PingCommand Set:SetCommand Get:GetCommand} Log:{LogFolder:logs}}
[DEBUG]:2020-05-12 15:29:07.927311 - <nil>
[DEBUG]:2020-05-12 15:29:07.928308 - 112
[DEBUG]:2020-05-12 15:29:07.928308 - ping
[INFO]:2020-05-12 15:29:07.928308 - Start stopping sequence
[INFO]:2020-05-12 15:30:19.042124 - Application Initialize config={Server:{Addr:localhost:6379 ConnType:tcp} Redis:{UseSSD:false DisableOverride:false Ping:PingCommand Set:SetCommand Get:GetCommand} Log:{LogFolder:logs}}
[DEBUG]:2020-05-12 15:30:19.043120 - <nil>
[DEBUG]:2020-05-12 15:30:19.043120 - 112
[DEBUG]:2020-05-12 15:30:19.043120 - ping
[DEBUG]:2020-05-12 15:30:19.043120 - 0
[INFO]:2020-05-12 15:30:19.044119 - Start stopping sequence
[INFO]:2020-05-12 15:31:14.776069 - Application Initialize config={Server:{Addr:localhost:6379 ConnType:tcp} Redis:{UseSSD:false DisableOverride:false Ping:PingCommand Set:SetCommand Get:GetCommand} Log:{LogFolder:logs}}
[DEBUG]:2020-05-12 15:31:14.777066 - <nil>
[DEBUG]:2020-05-12 15:31:14.777066 - 112
[DEBUG]:2020-05-12 15:31:14.777066 - ping
[DEBUG]:2020-05-12 15:31:14.777066 - 0
[INFO]:2020-05-12 15:31:14.778064 - Start stopping sequence
[INFO]:2020-05-12 15:32:27.365936 - Application Initialize config={Server:{Addr:localhost:6379 ConnType:tcp} Redis:{UseSSD:false DisableOverride:false Ping:PingCommand Set:SetCommand Get:GetCommand} Log:{LogFolder:logs}}
[DEBUG]:2020-05-12 15:32:27.366934 - <nil>
[DEBUG]:2020-05-12 15:32:27.366934 - 112
[DEBUG]:2020-05-12 15:32:27.366934 - ping
[DEBUG]:2020-05-12 15:32:27.366934 - 0
[DEBUG]:2020-05-12 15:32:27.367931 - <nil>
[INFO]:2020-05-12 15:32:27.367931 - Start stopping sequence
[INFO]:2020-05-12 15:36:18.769148 - Application Initialize config={Server:{Addr:localhost:6379 ConnType:tcp} Redis:{UseSSD:false DisableOverride:false Ping:PingCommand Set:SetCommand Get:GetCommand} Log:{LogFolder:logs}}
[DEBUG]:2020-05-12 15:36:18.770146 - 0xc00012c0f0: 
[INFO]:2020-05-12 15:36:18.770146 - Start stopping sequence
[INFO]:2020-05-12 15:37:54.298629 - Application Initialize config={Server:{Addr:localhost:6379 ConnType:tcp} Redis:{UseSSD:false DisableOverride:false Ping:PingCommand Set:SetCommand Get:GetCommand} Log:{LogFolder:logs}}
[DEBUG]:2020-05-12 15:37:54.299627 - [ping]
[INFO]:2020-05-12 15:37:54.299627 - Start stopping sequence
[INFO]:2020-05-12 15:38:35.756756 - Application Initialize config={Server:{Addr:localhost:6379 ConnType:tcp} Redis:{UseSSD:false DisableOverride:false Ping:PingCommand Set:SetCommand Get:GetCommand} Log:{LogFolder:logs}}
[DEBUG]:2020-05-12 15:38:35.757752 - 1[ping]
[INFO]:2020-05-12 15:38:35.757752 - Start stopping sequence
[INFO]:2020-05-12 15:40:28.441393 - Application Initialize config={Server:{Addr:localhost:6379 ConnType:tcp} Redis:{UseSSD:false DisableOverride:false Ping:PingCommand Set:SetCommand Get:GetCommand} Log:{LogFolder:logs}}
[DEBUG]:2020-05-12 15:40:28.441393 - 3[set,key,value]
[INFO]:2020-05-12 15:40:28.441393 - Start stopping sequence
[INFO]:2020-05-12 15:48:47.427465 - Application Initialize config={Server:{Addr:localhost:6379 ConnType:tcp} Redis:{UseSSD:false DisableOverride:false Ping:PingCommand Set:SetCommand Get:GetCommand} Log:{LogFolder:logs}}
[DEBUG]:2020-05-12 15:48:47.428421 - 3[set,key,value]
[INFO]:2020-05-12 15:48:47.428421 - Start stopping sequence
[INFO]:2020-05-12 18:24:18.415244 - Application Initialize config={Server:{Addr:localhost:6379 ConnType:tcp} Redis:{UseSSD:false DisableOverride:false CommandsWorkers:1 ParseWorkers:1} Log:{LogFolder:logs}}
[INFO]:2020-05-12 18:24:18.422226 - Start listening host=localhost:6379 type=tcp
[INFO]:2020-05-12 18:25:36.576154 - Got new request size=14
[INFO]:2020-05-12 18:25:38.488055 - Got new request size=14
[INFO]:2020-05-12 18:25:47.629564 - Got new request size=14
[INFO]:2020-05-12 18:25:50.583706 - Got new request size=14
[INFO]:2020-05-12 18:25:55.595262 - Start stopping sequence
[INFO]:2020-05-13 09:36:44.149848 - Application Initialize config={Server:{Addr:localhost:6379 ConnType:tcp} Redis:{UseSSD:false DisableOverride:false RequestsWorkers:0 CommandsWorkers:1 ParseWorkers:1 ReplyWorkers:1} Log:{LogFolder:logs}}
[INFO]:2020-05-13 09:36:44.156832 - Start listening host=localhost:6379 type=tcp
[INFO]:2020-05-13 09:37:09.971811 - Got new request size=14
[INFO]:2020-05-13 09:37:09.988803 - 2bfdefc5-94e4-11ea-b844-588a5a0e6465
[INFO]:2020-05-13 10:15:53.524876 - Start stopping sequence
[INFO]:2020-05-13 10:17:41.836250 - Application Initialize config={Server:{Addr:localhost:6379 ConnType:tcp} Redis:{UseSSD:false DisableOverride:false RequestWorkers:1 CommandsWorkers:1 ParseWorkers:1 ReplyWorkers:1} Log:{LogFolder:logs}}
[INFO]:2020-05-13 10:17:41.842233 - Start listening host=localhost:6379 type=tcp
[INFO]:2020-05-13 10:17:53.389367 - Got new request size=14
[INFO]:2020-05-13 10:17:55.159634 - Got new request size=14
[INFO]:2020-05-13 10:17:56.286621 - Got new request size=14
[INFO]:2020-05-13 10:17:57.197229 - Got new request size=14
[INFO]:2020-05-13 10:17:58.083817 - Got new request size=14
[INFO]:2020-05-13 10:18:10.931475 - Start stopping sequence
[INFO]:2020-05-13 10:26:09.409725 - Application Initialize config={Server:{Addr:localhost:6379 ConnType:tcp} Redis:{UseSSD:false DisableOverride:false RequestWorkers:1 CommandsWorkers:1 ParseWorkers:1 ReplyWorkers:1} Log:{LogFolder:logs}}
[INFO]:2020-05-13 10:26:09.416248 - Start listening host=localhost:6379 type=tcp
[INFO]:2020-05-13 10:26:35.956651 - Got new request size=14
[INFO]:2020-05-13 10:26:38.316185 - Got new request size=14
[INFO]:2020-05-13 10:29:57.196663 - Start stopping sequence
[INFO]:2020-05-13 10:43:23.269001 - Application Initialize config={Server:{Addr:localhost:6379 ConnType:tcp} Redis:{UseSSD:false DisableOverride:false RequestWorkers:1 CommandsWorkers:1 ParseWorkers:1 ReplyWorkers:1} Log:{LogFolder:logs}}
[INFO]:2020-05-13 10:43:23.274986 - Start listening host=localhost:6379 type=tcp
[INFO]:2020-05-13 10:43:27.604391 - Got new request size=14
[INFO]:2020-05-13 10:43:27.605388 - Got new request size=33
[ERROR]:2020-05-13 10:43:27.606384 - got id without connection
[ERROR]:2020-05-13 10:43:30.606410 - got id without connection
[INFO]:2020-05-13 10:43:45.361922 - Start stopping sequence
[INFO]:2020-05-13 10:45:16.476368 - Application Initialize config={Server:{Addr:localhost:6379 ConnType:tcp} Redis:{UseSSD:false DisableOverride:false RequestWorkers:1 CommandsWorkers:1 ParseWorkers:1 ReplyWorkers:1} Log:{LogFolder:logs}}
[INFO]:2020-05-13 10:45:16.483350 - Start listening host=localhost:6379 type=tcp
[INFO]:2020-05-13 10:45:19.385592 - Got new request size=14
[INFO]:2020-05-13 10:45:19.387601 - Got new request size=33
[ERROR]:2020-05-13 10:45:19.387601 - got id without connection
[DEBUG]:2020-05-13 10:45:22.389563 - YOOOOOOOOO
[ERROR]:2020-05-13 10:45:22.389563 - got id without connection
[INFO]:2020-05-13 10:45:33.298402 - Start stopping sequence
[INFO]:2020-05-13 10:46:21.014854 - Application Initialize config={Server:{Addr:localhost:6379 ConnType:tcp} Redis:{UseSSD:false DisableOverride:false RequestWorkers:1 CommandsWorkers:1 ParseWorkers:1 ReplyWorkers:1} Log:{LogFolder:logs}}
[INFO]:2020-05-13 10:46:21.021835 - Start listening host=localhost:6379 type=tcp
[INFO]:2020-05-13 10:46:24.117562 - Got new request size=14
[INFO]:2020-05-13 10:46:24.118559 - Got new request size=33
[INFO]:2020-05-13 10:46:24.119556 - Got new request size=22
[INFO]:2020-05-13 10:46:24.120552 - Got new request size=23
[INFO]:2020-05-13 10:46:24.120552 - Got new request size=39
[ERROR]:2020-05-13 10:46:24.120552 - unknown command command=setnx
[DEBUG]:2020-05-13 10:46:24.125539 - YOOOOOOOOO
[INFO]:2020-05-13 10:46:52.019976 - Start stopping sequence
[INFO]:2020-05-13 10:47:36.228524 - Application Initialize config={Server:{Addr:localhost:6379 ConnType:tcp} Redis:{UseSSD:false DisableOverride:false RequestWorkers:1 CommandsWorkers:1 ParseWorkers:1 ReplyWorkers:1} Log:{LogFolder:logs}}
[INFO]:2020-05-13 10:47:36.235475 - Start listening host=localhost:6379 type=tcp
[INFO]:2020-05-13 10:47:39.535670 - Got new request size=14
[INFO]:2020-05-13 10:47:39.536651 - Got new request size=33
[INFO]:2020-05-13 10:47:39.536651 - Got new request size=22
[INFO]:2020-05-13 10:47:39.537649 - Got new request size=23
[INFO]:2020-05-13 10:47:39.539644 - Got new request size=39
[INFO]:2020-05-13 10:47:39.539644 - Got new request size=24
[INFO]:2020-05-13 10:47:39.539644 - Got new request size=35
[INFO]:2020-05-13 10:47:39.540641 - Got new request size=25
[INFO]:2020-05-13 10:47:39.540641 - Got new request size=31
[INFO]:2020-05-13 10:47:39.541637 - Got new request size=22
[INFO]:2020-05-13 10:47:39.541637 - Got new request size=33
[INFO]:2020-05-13 10:47:39.542636 - Got new request size=24
[INFO]:2020-05-13 10:48:29.181946 - Start stopping sequence
[INFO]:2020-05-13 10:49:09.049377 - Application Initialize config={Server:{Addr:localhost:6379 ConnType:tcp} Redis:{UseSSD:false DisableOverride:false RequestWorkers:1 CommandsWorkers:1 ParseWorkers:1 ReplyWorkers:1} Log:{LogFolder:logs}}
[INFO]:2020-05-13 10:49:09.056361 - Start listening host=localhost:6379 type=tcp
[INFO]:2020-05-13 10:49:12.215915 - Got new request size=14
[INFO]:2020-05-13 10:49:12.216921 - Got new request size=33
[INFO]:2020-05-13 10:49:12.217909 - Got new request size=22
[INFO]:2020-05-13 10:49:12.218906 - Got new request size=23
[INFO]:2020-05-13 10:49:12.219902 - Got new request size=39
[INFO]:2020-05-13 10:49:12.219902 - Got new request size=24
[INFO]:2020-05-13 10:49:12.219902 - Got new request size=35
[INFO]:2020-05-13 10:49:12.220899 - Got new request size=25
[INFO]:2020-05-13 10:49:12.220899 - Got new request size=31
[INFO]:2020-05-13 10:49:12.220899 - Got new request size=22
[INFO]:2020-05-13 10:49:12.221898 - Got new request size=33
[INFO]:2020-05-13 10:49:12.221898 - Got new request size=24
[INFO]:2020-05-13 10:49:20.002102 - Start stopping sequence
[INFO]:2020-05-13 10:49:41.757946 - Application Initialize config={Server:{Addr:localhost:6379 ConnType:tcp} Redis:{UseSSD:false DisableOverride:false RequestWorkers:1 CommandsWorkers:1 ParseWorkers:1 ReplyWorkers:1} Log:{LogFolder:logs}}
[INFO]:2020-05-13 10:49:41.763930 - Start listening host=localhost:6379 type=tcp
[INFO]:2020-05-13 10:49:45.623614 - Got new request size=14
[INFO]:2020-05-13 10:49:45.624612 - Got new request size=33
[INFO]:2020-05-13 10:49:45.624612 - Got new request size=22
[INFO]:2020-05-13 10:49:45.625609 - Got new request size=23
[INFO]:2020-05-13 10:49:45.626607 - Got new request size=39
[INFO]:2020-05-13 10:49:45.627602 - Got new request size=24
[INFO]:2020-05-13 10:49:45.627602 - Got new request size=35
[INFO]:2020-05-13 10:49:45.627602 - Got new request size=25
[INFO]:2020-05-13 10:49:45.628599 - Got new request size=31
[INFO]:2020-05-13 10:49:45.628599 - Got new request size=22
[INFO]:2020-05-13 10:49:45.629597 - Got new request size=33
[INFO]:2020-05-13 10:49:45.629597 - Got new request size=24
[DEBUG]:2020-05-13 10:49:45.631591 - Fuck YES
[INFO]:2020-05-13 10:49:48.392216 - Start stopping sequence
[INFO]:2020-05-13 11:10:06.367149 - Application Initialize config={Host:{Addr:localhost:6379 ConnType:tcp} Redis:{UseSSD:false DisableOverride:false RequestWorkers:1 CommandsWorkers:1 ParseWorkers:1 ReplyWorkers:1} Log:{LogFolder:logs}}
[INFO]:2020-05-13 11:10:06.373135 - Start listening host=localhost:6379 type=tcp
[INFO]:2020-05-13 11:10:09.730162 - Got new request size=14
[INFO]:2020-05-13 11:10:09.731159 - Got new request size=33
[INFO]:2020-05-13 11:10:09.732156 - Got new request size=22
[INFO]:2020-05-13 11:10:09.732156 - Got new request size=23
[INFO]:2020-05-13 11:10:09.733152 - Got new request size=39
[INFO]:2020-05-13 11:10:09.733152 - Got new request size=24
[INFO]:2020-05-13 11:10:09.734151 - Got new request size=35
[INFO]:2020-05-13 11:10:09.734151 - Got new request size=25
[INFO]:2020-05-13 11:10:09.734151 - Got new request size=31
[INFO]:2020-05-13 11:10:09.735148 - Got new request size=22
[INFO]:2020-05-13 11:10:09.735148 - Got new request size=33
[INFO]:2020-05-13 11:10:09.735148 - Got new request size=24
[INFO]:2020-05-13 11:10:13.024355 - Start stopping sequence
[INFO]:2020-05-13 11:19:51.095081 - Application Initialize config={Host:{Addr:localhost:6379 ConnType:tcp} Redis:{UseSSD:false DisableOverride:false RequestWorkers:1 CommandsWorkers:1 ParseWorkers:1 ReplyWorkers:1} Log:{LogFolder:logs}}
[INFO]:2020-05-13 11:19:51.102064 - Start listening host=localhost:6379 type=tcp
[INFO]:2020-05-13 11:19:54.305535 - Got new request size=14
[INFO]:2020-05-13 11:19:54.306580 - Got new request size=33
[INFO]:2020-05-13 11:19:54.307530 - Got new request size=22
[INFO]:2020-05-13 11:20:17.366891 - Start stopping sequence
[INFO]:2020-05-13 11:21:06.818709 - Application Initialize config={Host:{Addr:localhost:6379 ConnType:tcp} Redis:{UseSSD:false DisableOverride:false RequestWorkers:1 CommandsWorkers:1 ParseWorkers:1 ReplyWorkers:1} Log:{LogFolder:logs}}
[INFO]:2020-05-13 11:21:06.825686 - Start listening host=localhost:6379 type=tcp
[INFO]:2020-05-13 11:21:07.626544 - Start stopping sequence
[INFO]:2020-05-13 11:21:12.731897 - Application Initialize config={Host:{Addr:localhost:6379 ConnType:tcp} Redis:{UseSSD:false DisableOverride:false RequestWorkers:1 CommandsWorkers:1 ParseWorkers:1 ReplyWorkers:1} Log:{LogFolder:logs}}
[INFO]:2020-05-13 11:21:12.738884 - Start listening host=localhost:6379 type=tcp
[INFO]:2020-05-13 11:21:19.648409 - Got new request size=14
[INFO]:2020-05-13 11:21:19.649406 - Got new request size=33
[INFO]:2020-05-13 11:21:19.649406 - Got new request size=22
[DEBUG]:2020-05-13 11:21:19.650405 - $
value

[INFO]:2020-05-13 11:21:48.038522 - Start stopping sequence
[INFO]:2020-05-13 11:22:30.807197 - Application Initialize config={Host:{Addr:localhost:6379 ConnType:tcp} Redis:{UseSSD:false DisableOverride:false RequestWorkers:1 CommandsWorkers:1 ParseWorkers:1 ReplyWorkers:1} Log:{LogFolder:logs}}
[INFO]:2020-05-13 11:22:30.814178 - Start listening host=localhost:6379 type=tcp
[INFO]:2020-05-13 11:22:31.953159 - Start stopping sequence
[INFO]:2020-05-13 11:22:33.408282 - Application Initialize config={Host:{Addr:localhost:6379 ConnType:tcp} Redis:{UseSSD:false DisableOverride:false RequestWorkers:1 CommandsWorkers:1 ParseWorkers:1 ReplyWorkers:1} Log:{LogFolder:logs}}
[INFO]:2020-05-13 11:22:33.415227 - Start listening host=localhost:6379 type=tcp
[INFO]:2020-05-13 11:22:35.980371 - Got new request size=14
[INFO]:2020-05-13 11:22:35.981367 - Got new request size=33
[INFO]:2020-05-13 11:22:35.981367 - Got new request size=22
[DEBUG]:2020-05-13 11:22:35.982365 - $5
value

[INFO]:2020-05-13 11:22:35.982365 - Got new request size=23
[INFO]:2020-05-13 11:22:52.468296 - Start stopping sequence
[INFO]:2020-05-13 11:29:19.342241 - Application Initialize config={Host:{Addr:localhost:6379 ConnType:tcp} Redis:{UseSSD:false DisableOverride:false RequestWorkers:1 CommandsWorkers:1 ParseWorkers:1 ReplyWorkers:1} Log:{LogFolder:logs}}
[INFO]:2020-05-13 11:29:19.348225 - Start listening host=localhost:6379 type=tcp
[INFO]:2020-05-13 11:29:23.727532 - Got new request size=14
[INFO]:2020-05-13 11:29:23.728518 - Got new request size=33
[INFO]:2020-05-13 11:29:23.729522 - Got new request size=22
[INFO]:2020-05-13 11:29:23.730512 - Got new request size=23
[INFO]:2020-05-13 11:29:23.730512 - Got new request size=39
[INFO]:2020-05-13 11:29:23.731509 - Got new request size=24
[INFO]:2020-05-13 11:29:23.731509 - Got new request size=35
[INFO]:2020-05-13 11:29:23.732505 - Got new request size=25
[INFO]:2020-05-13 11:29:23.732505 - Got new request size=31
[INFO]:2020-05-13 11:29:23.732505 - Got new request size=22
[INFO]:2020-05-13 11:29:23.733503 - Got new request size=33
[INFO]:2020-05-13 11:29:23.733503 - Got new request size=24
[INFO]:2020-05-13 11:29:33.323868 - Start stopping sequence
